2024-03-16T19:03:22.032+01:00  INFO 8808 --- [main] d.a.g.G27ShopProjectApplication          : Starting G27ShopProjectApplication using Java 21.0.2 with PID 8808 (C:\Users\remom\IdeaProjects\g_27_shop_project\target\classes started by remom in C:\Users\remom\IdeaProjects\g_27_shop_project)
2024-03-16T19:03:22.043+01:00  INFO 8808 --- [main] d.a.g.G27ShopProjectApplication          : No active profile set, falling back to 1 default profile: "default"
2024-03-16T19:03:23.145+01:00  INFO 8808 --- [main] .s.d.r.c.RepositoryConfigurationDelegate : Bootstrapping Spring Data JPA repositories in DEFAULT mode.
2024-03-16T19:03:23.233+01:00  INFO 8808 --- [main] .s.d.r.c.RepositoryConfigurationDelegate : Finished Spring Data repository scanning in 80 ms. Found 3 JPA repository interfaces.
2024-03-16T19:03:23.998+01:00  INFO 8808 --- [main] o.s.b.w.embedded.tomcat.TomcatWebServer  : Tomcat initialized with port(s): 8080 (http)
2024-03-16T19:03:24.010+01:00  INFO 8808 --- [main] o.apache.catalina.core.StandardService   : Starting service [Tomcat]
2024-03-16T19:03:24.010+01:00  INFO 8808 --- [main] o.apache.catalina.core.StandardEngine    : Starting Servlet engine: [Apache Tomcat/10.1.15]
2024-03-16T19:03:24.129+01:00  INFO 8808 --- [main] o.a.c.c.C.[Tomcat].[localhost].[/]       : Initializing Spring embedded WebApplicationContext
2024-03-16T19:03:24.130+01:00  INFO 8808 --- [main] w.s.c.ServletWebServerApplicationContext : Root WebApplicationContext: initialization completed in 2026 ms
2024-03-16T19:03:24.336+01:00  INFO 8808 --- [main] o.hibernate.jpa.internal.util.LogHelper  : HHH000204: Processing PersistenceUnitInfo [name: default]
2024-03-16T19:03:24.399+01:00  INFO 8808 --- [main] org.hibernate.Version                    : HHH000412: Hibernate ORM core version 6.2.13.Final
2024-03-16T19:03:24.402+01:00  INFO 8808 --- [main] org.hibernate.cfg.Environment            : HHH000406: Using bytecode reflection optimizer
2024-03-16T19:03:24.715+01:00  INFO 8808 --- [main] o.s.o.j.p.SpringPersistenceUnitInfo      : No LoadTimeWeaver setup: ignoring JPA class transformer
2024-03-16T19:03:24.743+01:00  INFO 8808 --- [main] com.zaxxer.hikari.HikariDataSource       : HikariPool-1 - Starting...
2024-03-16T19:03:25.097+01:00  INFO 8808 --- [main] com.zaxxer.hikari.pool.HikariPool        : HikariPool-1 - Added connection com.mysql.cj.jdbc.ConnectionImpl@6113a26f
2024-03-16T19:03:25.099+01:00  INFO 8808 --- [main] com.zaxxer.hikari.HikariDataSource       : HikariPool-1 - Start completed.
2024-03-16T19:03:26.361+01:00  INFO 8808 --- [main] o.h.e.t.j.p.i.JtaPlatformInitiator       : HHH000489: No JTA platform available (set 'hibernate.transaction.jta.platform' to enable JTA platform integration)
2024-03-16T19:03:26.365+01:00  INFO 8808 --- [main] j.LocalContainerEntityManagerFactoryBean : Initialized JPA EntityManagerFactory for persistence unit 'default'
2024-03-16T19:03:26.821+01:00  WARN 8808 --- [main] JpaBaseConfiguration$JpaWebConfiguration : spring.jpa.open-in-view is enabled by default. Therefore, database queries may be performed during view rendering. Explicitly configure spring.jpa.open-in-view to disable this warning
2024-03-16T19:03:27.271+01:00  WARN 8808 --- [main] ConfigServletWebServerApplicationContext : Exception encountered during context initialization - cancelling refresh attempt: org.springframework.context.ApplicationContextException: Failed to start bean 'webServerStartStop'
2024-03-16T19:03:27.273+01:00  INFO 8808 --- [main] j.LocalContainerEntityManagerFactoryBean : Closing JPA EntityManagerFactory for persistence unit 'default'
2024-03-16T19:03:27.275+01:00  INFO 8808 --- [main] com.zaxxer.hikari.HikariDataSource       : HikariPool-1 - Shutdown initiated...
2024-03-16T19:03:27.289+01:00  INFO 8808 --- [main] com.zaxxer.hikari.HikariDataSource       : HikariPool-1 - Shutdown completed.
2024-03-16T19:03:27.291+01:00  INFO 8808 --- [main] o.apache.catalina.core.StandardService   : Stopping service [Tomcat]
2024-03-16T19:03:27.303+01:00  INFO 8808 --- [main] .s.b.a.l.ConditionEvaluationReportLogger : 

Error starting ApplicationContext. To display the condition evaluation report re-run your application with 'debug' enabled.
2024-03-16T19:03:27.323+01:00 ERROR 8808 --- [main] o.s.b.d.LoggingFailureAnalysisReporter   : 

***************************
APPLICATION FAILED TO START
***************************

Description:

Web server failed to start. Port 8080 was already in use.

Action:

Identify and stop the process that's listening on port 8080 or configure this application to listen on another port.

